2022-12-09 09:54:14,738 [INFO] Activator:177 - 


2022-12-09 09:54:14,739 [INFO] Activator:178 - !SESSION log4j initialized
2022-12-09 09:54:44,593 [ERROR] LogOutputStream:74 - [STDERR_REDIRECT] SLF4J: Failed to load class "org.slf4j.impl.StaticLoggerBinder".
2022-12-09 09:54:44,594 [ERROR] LogOutputStream:74 - [STDERR_REDIRECT] SLF4J: Defaulting to no-operation (NOP) logger implementation
2022-12-09 09:54:44,598 [ERROR] LogOutputStream:74 - [STDERR_REDIRECT] SLF4J: See http://www.slf4j.org/codes.html#StaticLoggerBinder for further details.
2022-12-09 09:56:42,420 [INFO] McuFinderGlobals:44 - Set McuFinder mode to 2 (CubeIDE integrated)
2022-12-09 09:56:42,680 [INFO] ApplicationProperties:181 - Using Application install path: C:\ST\STM32CubeIDE_1.7.0\STM32CubeIDE\plugins\com.st.stm32cube.common.mx_6.6.1.202207061420
2022-12-09 09:56:42,695 [INFO] DbMcusXml:77 - Set database path to: C:\ST\STM32CubeIDE_1.7.0\STM32CubeIDE\plugins\com.st.stm32cube.common.mx_6.6.1.202207061420\\db\/mcu/
2022-12-09 09:56:42,695 [INFO] ApiDb:269 - Set plugin database path to: C:\ST\STM32CubeIDE_1.7.0\STM32CubeIDE\plugins\com.st.stm32cube.common.mx_6.6.1.202207061420\\db\/plugins/boardmanager/
2022-12-09 09:56:42,698 [WARN] ApiDb:254 - Overriding images path with different value:  => C:\ST\STM32CubeIDE_1.7.0\STM32CubeIDE\plugins\com.st.stm32cube.common.mx_6.6.1.202207061420\\db\/plugins/mcufinder/images/
2022-12-09 09:56:42,721 [INFO] ApiDb:249 - Set database path to: C:\Users\HP PV\.stmcufinder\plugins\mcufinder//mcu/
2022-12-09 09:56:42,722 [INFO] DbMcusAds:124 - Set database path to: C:\Users\HP PV\.stmcufinder\plugins\mcufinder//mcu/
2022-12-09 09:56:42,733 [INFO] CrossReferenceDbSqlite:201 - Set database path to: C:\Users\HP PV\.stmcufinder\plugins\mcufinder//mcu/cs/
2022-12-09 09:56:42,834 [INFO] RulesReader:61 - Compatibility file has been processed (282 Rules)
2022-12-09 09:56:42,913 [INFO] DbMcusXml:77 - Set database path to: C:\ST\STM32CubeIDE_1.7.0\STM32CubeIDE\plugins\com.st.stm32cube.common.mx_6.6.1.202207061420\\db\/mcu/
2022-12-09 09:56:42,913 [INFO] ApiDb:269 - Set plugin database path to: C:\ST\STM32CubeIDE_1.7.0\STM32CubeIDE\plugins\com.st.stm32cube.common.mx_6.6.1.202207061420\\db\/plugins/boardmanager/
2022-12-09 09:56:42,913 [INFO] ApiDb:256 - Set plugin images path to: C:\ST\STM32CubeIDE_1.7.0\STM32CubeIDE\plugins\com.st.stm32cube.common.mx_6.6.1.202207061420\\db\/plugins/mcufinder/images/
2022-12-09 09:56:42,914 [WARN] DbFile:40 - Overriding database path with different value: C:\Users\HP PV\.stmcufinder\plugins\mcufinder/ => C:\Users\HP PV\.stmcufinder\plugins\mcufinder
2022-12-09 09:56:42,914 [INFO] ApiDb:249 - Set database path to: C:\Users\HP PV\.stmcufinder\plugins\mcufinder//mcu/
2022-12-09 09:56:42,914 [WARN] DbFile:40 - Overriding database path with different value: C:\Users\HP PV\.stmcufinder\plugins\mcufinder/ => C:\Users\HP PV\.stmcufinder\plugins\mcufinder
2022-12-09 09:56:42,914 [INFO] DbMcusAds:124 - Set database path to: C:\Users\HP PV\.stmcufinder\plugins\mcufinder//mcu/
2022-12-09 09:56:42,915 [WARN] DbFile:40 - Overriding database path with different value: C:\Users\HP PV\.stmcufinder\plugins\mcufinder/ => C:\Users\HP PV\.stmcufinder\plugins\mcufinder
2022-12-09 09:56:42,915 [WARN] DbFile:40 - Overriding database path with different value: C:\Users\HP PV\.stmcufinder\plugins\mcufinder/ => C:\Users\HP PV\.stmcufinder\plugins\mcufinder
2022-12-09 09:56:42,915 [INFO] CrossReferenceDbSqlite:201 - Set database path to: C:\Users\HP PV\.stmcufinder\plugins\mcufinder//mcu/cs/
2022-12-09 09:56:42,984 [INFO] MainPanel:242 - HeapMemory: 394264576
2022-12-09 09:56:43,079 [INFO] DbMcusXml:77 - Set database path to: C:\ST\STM32CubeIDE_1.7.0\STM32CubeIDE\plugins\com.st.stm32cube.common.mx_6.6.1.202207061420\\db\/mcu/
2022-12-09 09:56:43,080 [INFO] ApiDb:269 - Set plugin database path to: C:\ST\STM32CubeIDE_1.7.0\STM32CubeIDE\plugins\com.st.stm32cube.common.mx_6.6.1.202207061420\\db\/plugins/boardmanager/
2022-12-09 09:56:43,080 [INFO] ApiDb:256 - Set plugin images path to: C:\ST\STM32CubeIDE_1.7.0\STM32CubeIDE\plugins\com.st.stm32cube.common.mx_6.6.1.202207061420\\db\/plugins/mcufinder/images/
2022-12-09 09:56:43,080 [WARN] DbFile:40 - Overriding database path with different value: C:\Users\HP PV\.stmcufinder\plugins\mcufinder/ => C:\Users\HP PV\.stmcufinder\plugins\mcufinder
2022-12-09 09:56:43,080 [INFO] ApiDb:249 - Set database path to: C:\Users\HP PV\.stmcufinder\plugins\mcufinder//mcu/
2022-12-09 09:56:43,081 [WARN] DbFile:40 - Overriding database path with different value: C:\Users\HP PV\.stmcufinder\plugins\mcufinder/ => C:\Users\HP PV\.stmcufinder\plugins\mcufinder
2022-12-09 09:56:43,081 [INFO] DbMcusAds:124 - Set database path to: C:\Users\HP PV\.stmcufinder\plugins\mcufinder//mcu/
2022-12-09 09:56:43,081 [WARN] DbFile:40 - Overriding database path with different value: C:\Users\HP PV\.stmcufinder\plugins\mcufinder/ => C:\Users\HP PV\.stmcufinder\plugins\mcufinder
2022-12-09 09:56:43,081 [WARN] DbFile:40 - Overriding database path with different value: C:\Users\HP PV\.stmcufinder\plugins\mcufinder/ => C:\Users\HP PV\.stmcufinder\plugins\mcufinder
2022-12-09 09:56:43,081 [INFO] CrossReferenceDbSqlite:201 - Set database path to: C:\Users\HP PV\.stmcufinder\plugins\mcufinder//mcu/cs/
2022-12-09 09:56:43,098 [INFO] ApplicationProperties:181 - Using Application install path: C:\ST\STM32CubeIDE_1.7.0\STM32CubeIDE\plugins\com.st.stm32cube.common.mx_6.6.1.202207061420
2022-12-09 09:56:43,099 [INFO] PluginManage:193 - Search for loadable plugins [exclusion list=, ]
2022-12-09 09:56:43,101 [INFO] PluginManage:307 - Check plugin analytics
2022-12-09 09:56:47,826 [INFO] AnalyticsPlugin:262 - Accepted Software Licenses: 
2022-12-09 09:56:47,827 [INFO] AnalyticsPlugin:264 - Accepted CMSIS Pack Licenses: 
2022-12-09 09:56:47,828 [INFO] AnalyticsPlugin:266 - Accepted Firmware Licenses: 
2022-12-09 09:56:47,836 [INFO] PluginManage:356 - Loaded plugin analytics (category:tool,tabindex:-1)
2022-12-09 09:56:47,836 [INFO] PluginManage:307 - Check plugin cadmodel
2022-12-09 09:56:47,860 [INFO] CADModel:65 - Init CAD model plugin
2022-12-09 09:56:47,861 [INFO] PluginManage:356 - Loaded plugin cadmodel (category:power,tabindex:5)
2022-12-09 09:56:47,861 [INFO] PluginManage:307 - Check plugin clock
2022-12-09 09:56:47,894 [INFO] PluginManage:356 - Loaded plugin clock (category:base,tabindex:2)
2022-12-09 09:56:47,895 [INFO] PluginManage:307 - Check plugin ddr
2022-12-09 09:56:47,897 [INFO] PluginManage:356 - Loaded plugin ddr (category:tool,tabindex:6)
2022-12-09 09:56:47,898 [INFO] PluginManage:307 - Check plugin filemanager
2022-12-09 09:56:48,039 [INFO] PluginManage:356 - Loaded plugin filemanager (category:base,tabindex:10)
2022-12-09 09:56:48,039 [INFO] PluginManage:307 - Check plugin ipmanager
2022-12-09 09:56:48,047 [INFO] PluginManage:356 - Loaded plugin ipmanager (category:base,tabindex:5)
2022-12-09 09:56:48,047 [INFO] PluginManage:307 - Check plugin lpbam
2022-12-09 09:56:48,201 [INFO] PluginManage:356 - Loaded plugin lpbam (category:base,tabindex:0)
2022-12-09 09:56:48,201 [INFO] PluginManage:307 - Check plugin pinoutandconfiguration
2022-12-09 09:56:48,215 [INFO] PluginManage:356 - Loaded plugin pinoutandconfiguration (category:base,tabindex:1)
2022-12-09 09:56:48,215 [INFO] PluginManage:307 - Check plugin pinoutconfig
2022-12-09 09:56:48,248 [INFO] PluginManage:356 - Loaded plugin pinoutconfig (category:base,tabindex:0)
2022-12-09 09:56:48,248 [INFO] PluginManage:307 - Check plugin power
2022-12-09 09:56:48,291 [INFO] PluginManage:356 - Loaded plugin power (category:power,tabindex:4)
2022-12-09 09:56:48,291 [INFO] PluginManage:307 - Check plugin projectmanager
2022-12-09 09:56:48,309 [INFO] PluginManage:356 - Loaded plugin projectmanager (category:projectmanager,tabindex:3)
2022-12-09 09:56:48,310 [INFO] PluginManage:307 - Check plugin thirdparty
2022-12-09 09:56:48,541 [WARN] IntegrityCheckThread:82 - waiting for thirdparty lock release [integrity check]
2022-12-09 09:56:48,541 [INFO] PluginManage:356 - Loaded plugin thirdparty (category:base,tabindex:-1)
2022-12-09 09:56:48,542 [INFO] IntegrityCheckThread:84 - entering critical section [integrity check]
2022-12-09 09:56:48,543 [INFO] PluginManage:307 - Check plugin tools
2022-12-09 09:56:48,545 [INFO] ThirdPartyUpdaterWithRetryManager:70 - Updater plugin not ready yet. [1/15]
2022-12-09 09:56:48,562 [INFO] PluginManage:356 - Loaded plugin tools (category:base,tabindex:7)
2022-12-09 09:56:48,562 [INFO] PluginManage:307 - Check plugin tutovideos
2022-12-09 09:56:48,834 [INFO] PluginManage:356 - Loaded plugin tutovideos (category:base,tabindex:-1)
2022-12-09 09:56:48,835 [INFO] PluginManage:307 - Check plugin updater
2022-12-09 09:56:48,848 [INFO] PluginManage:356 - Loaded plugin updater (category:base,tabindex:12)
2022-12-09 09:56:48,849 [INFO] PluginManage:280 - PluginManage : Loaded plugins [15]
2022-12-09 09:56:49,109 [INFO] PinOutPanel:1468 - setPackage(No Configuration,No Configuration)
2022-12-09 09:56:49,176 [INFO] CADModel:98 - CPN selected for project level
2022-12-09 09:56:49,236 [INFO] IPUIPlugin:79 - create IPUIPlugin
2022-12-09 09:56:49,236 [INFO] PluginManager:217 - loadIPPluginJar : add adc
2022-12-09 09:56:49,253 [INFO] IPUIPlugin:79 - create IPUIPlugin
2022-12-09 09:56:49,253 [INFO] PluginManager:217 - loadIPPluginJar : add aes
2022-12-09 09:56:49,271 [INFO] IPUIPlugin:79 - create IPUIPlugin
2022-12-09 09:56:49,272 [INFO] PluginManager:217 - loadIPPluginJar : add can
2022-12-09 09:56:49,283 [INFO] IPUIPlugin:79 - create IPUIPlugin
2022-12-09 09:56:49,284 [INFO] PluginManager:217 - loadIPPluginJar : add comp
2022-12-09 09:56:49,300 [INFO] IPUIPlugin:79 - create IPUIPlugin
2022-12-09 09:56:49,300 [INFO] PluginManager:217 - loadIPPluginJar : add cryp
2022-12-09 09:56:49,316 [INFO] IPUIPlugin:79 - create IPUIPlugin
2022-12-09 09:56:49,316 [INFO] PluginManager:217 - loadIPPluginJar : add dfsdm
2022-12-09 09:56:49,361 [INFO] IPUIPlugin:79 - create IPUIPlugin
2022-12-09 09:56:49,362 [INFO] PluginManager:217 - loadIPPluginJar : add dma
2022-12-09 09:56:49,385 [INFO] IPUIPlugin:79 - create IPUIPlugin
2022-12-09 09:56:49,385 [INFO] PluginManager:217 - loadIPPluginJar : add dma3
2022-12-09 09:56:49,397 [INFO] IPUIPlugin:79 - create IPUIPlugin
2022-12-09 09:56:49,397 [INFO] PluginManager:217 - loadIPPluginJar : add fatfs
2022-12-09 09:56:49,422 [INFO] IPUIPlugin:79 - create IPUIPlugin
2022-12-09 09:56:49,422 [INFO] PluginManager:217 - loadIPPluginJar : add fmc
2022-12-09 09:56:49,432 [INFO] IPUIPlugin:79 - create IPUIPlugin
2022-12-09 09:56:49,432 [INFO] PluginManager:217 - loadIPPluginJar : add freertos
2022-12-09 09:56:49,443 [INFO] IPUIPlugin:79 - create IPUIPlugin
2022-12-09 09:56:49,444 [INFO] PluginManager:217 - loadIPPluginJar : add genericplugin
2022-12-09 09:56:49,487 [INFO] IPUIPlugin:79 - create IPUIPlugin
2022-12-09 09:56:49,487 [INFO] PluginManager:217 - loadIPPluginJar : add gfxmmu
2022-12-09 09:56:49,548 [INFO] IPUIPlugin:79 - create IPUIPlugin
2022-12-09 09:56:49,548 [INFO] PluginManager:217 - loadIPPluginJar : add gic
2022-12-09 09:56:49,679 [INFO] IPUIPlugin:79 - create IPUIPlugin
2022-12-09 09:56:49,679 [INFO] PluginManager:217 - loadIPPluginJar : add gpio
2022-12-09 09:56:49,714 [INFO] IPUIPlugin:79 - create IPUIPlugin
2022-12-09 09:56:49,714 [INFO] PluginManager:217 - loadIPPluginJar : add gtzc
2022-12-09 09:56:49,732 [INFO] IPUIPlugin:79 - create IPUIPlugin
2022-12-09 09:56:49,732 [INFO] PluginManager:217 - loadIPPluginJar : add hash
2022-12-09 09:56:49,761 [INFO] IPUIPlugin:79 - create IPUIPlugin
2022-12-09 09:56:49,761 [INFO] PluginManager:217 - loadIPPluginJar : add i2c
2022-12-09 09:56:49,782 [INFO] IPUIPlugin:79 - create IPUIPlugin
2022-12-09 09:56:49,782 [INFO] PluginManager:217 - loadIPPluginJar : add i2s
2022-12-09 09:56:49,821 [INFO] IPUIPlugin:79 - create IPUIPlugin
2022-12-09 09:56:49,821 [INFO] PluginManager:217 - loadIPPluginJar : add ipddr
2022-12-09 09:56:49,865 [INFO] IPUIPlugin:79 - create IPUIPlugin
2022-12-09 09:56:49,866 [INFO] PluginManager:217 - loadIPPluginJar : add linkedlist
2022-12-09 09:56:49,885 [INFO] IPUIPlugin:79 - create IPUIPlugin
2022-12-09 09:56:49,886 [INFO] PluginManager:217 - loadIPPluginJar : add lorawan
2022-12-09 09:56:49,905 [INFO] IPUIPlugin:79 - create IPUIPlugin
2022-12-09 09:56:49,905 [INFO] PluginManager:217 - loadIPPluginJar : add ltdc
2022-12-09 09:56:49,995 [INFO] IPUIPlugin:79 - create IPUIPlugin
2022-12-09 09:56:49,996 [INFO] PluginManager:217 - loadIPPluginJar : add mdma
2022-12-09 09:56:50,204 [INFO] IPUIPlugin:79 - create IPUIPlugin
2022-12-09 09:56:50,205 [INFO] PluginManager:217 - loadIPPluginJar : add nvic
2022-12-09 09:56:50,235 [INFO] IPUIPlugin:79 - create IPUIPlugin
2022-12-09 09:56:50,236 [INFO] PluginManager:217 - loadIPPluginJar : add opamp
2022-12-09 09:56:50,282 [INFO] IPUIPlugin:79 - create IPUIPlugin
2022-12-09 09:56:50,282 [INFO] PluginManager:217 - loadIPPluginJar : add openamp
2022-12-09 09:56:50,311 [INFO] IPUIPlugin:79 - create IPUIPlugin
2022-12-09 09:56:50,311 [INFO] PluginManager:217 - loadIPPluginJar : add pdm2pcm
2022-12-09 09:56:50,433 [INFO] IPUIPlugin:79 - create IPUIPlugin
2022-12-09 09:56:50,436 [INFO] PluginManager:217 - loadIPPluginJar : add plateformsettings
2022-12-09 09:56:50,451 [INFO] IPUIPlugin:79 - create IPUIPlugin
2022-12-09 09:56:50,451 [INFO] PluginManager:217 - loadIPPluginJar : add quadspi
2022-12-09 09:56:50,464 [INFO] IPUIPlugin:79 - create IPUIPlugin
2022-12-09 09:56:50,464 [INFO] PluginManager:217 - loadIPPluginJar : add resmgrutility
2022-12-09 09:56:50,495 [INFO] IPUIPlugin:79 - create IPUIPlugin
2022-12-09 09:56:50,495 [INFO] PluginManager:217 - loadIPPluginJar : add sai
2022-12-09 09:56:50,524 [INFO] IPUIPlugin:79 - create IPUIPlugin
2022-12-09 09:56:50,525 [INFO] PluginManager:217 - loadIPPluginJar : add spi
2022-12-09 09:56:50,559 [INFO] IPUIPlugin:79 - create IPUIPlugin
2022-12-09 09:56:50,559 [INFO] PluginManager:217 - loadIPPluginJar : add stm32_wpan
2022-12-09 09:56:50,575 [INFO] IPUIPlugin:79 - create IPUIPlugin
2022-12-09 09:56:50,575 [INFO] PluginManager:217 - loadIPPluginJar : add tim
2022-12-09 09:56:50,609 [INFO] IPUIPlugin:79 - create IPUIPlugin
2022-12-09 09:56:50,609 [INFO] PluginManager:217 - loadIPPluginJar : add touchsensing
2022-12-09 09:56:50,626 [INFO] IPUIPlugin:79 - create IPUIPlugin
2022-12-09 09:56:50,626 [INFO] PluginManager:217 - loadIPPluginJar : add tracer_emb
2022-12-09 09:56:50,643 [INFO] IPUIPlugin:79 - create IPUIPlugin
2022-12-09 09:56:50,644 [INFO] PluginManager:217 - loadIPPluginJar : add ts
2022-12-09 09:56:50,659 [INFO] IPUIPlugin:79 - create IPUIPlugin
2022-12-09 09:56:50,659 [INFO] PluginManager:217 - loadIPPluginJar : add tsc
2022-12-09 09:56:50,674 [INFO] IPUIPlugin:79 - create IPUIPlugin
2022-12-09 09:56:50,674 [INFO] PluginManager:217 - loadIPPluginJar : add ucpd
2022-12-09 09:56:50,698 [INFO] IPUIPlugin:79 - create IPUIPlugin
2022-12-09 09:56:50,698 [INFO] PluginManager:217 - loadIPPluginJar : add usart
2022-12-09 09:56:50,726 [INFO] IPUIPlugin:79 - create IPUIPlugin
2022-12-09 09:56:50,727 [INFO] PluginManager:217 - loadIPPluginJar : add usbx
2022-12-09 09:56:51,034 [FATAL] Updater:301 - Updater called before beeing initialized
2022-12-09 09:56:51,188 [FATAL] Updater:301 - Updater called before beeing initialized
2022-12-09 09:56:51,203 [INFO] DbMcusAds:52 - JSON generation date=Thu Sep 30 13:56:37 ICT 2021 (1632984997303)
2022-12-09 09:56:51,203 [FATAL] Updater:301 - Updater called before beeing initialized
2022-12-09 09:56:51,263 [WARN] DetailPanel:344 - Failed to get advertising image, set to default
2022-12-09 09:56:51,385 [FATAL] Updater:301 - Updater called before beeing initialized
2022-12-09 09:56:51,387 [FATAL] Updater:301 - Updater called before beeing initialized
2022-12-09 09:56:51,387 [FATAL] Updater:301 - Updater called before beeing initialized
2022-12-09 09:56:51,387 [WARN] DetailPanel:344 - Failed to get advertising image, set to default
2022-12-09 09:56:51,388 [FATAL] Updater:301 - Updater called before beeing initialized
2022-12-09 09:56:51,440 [ERROR] Updater:1105 - MainUpdater not yet initialized. External WinMGr cannot be set.
2022-12-09 09:56:51,446 [INFO] Updater:1041 - Updater Version found : 6.6.1
2022-12-09 09:56:51,463 [INFO] ApplicationProperties:181 - Using Application install path: C:\ST\STM32CubeIDE_1.7.0\STM32CubeIDE\plugins\com.st.stm32cube.common.mx_6.6.1.202207061420
2022-12-09 09:56:51,556 [INFO] ThirdPartyUpdaterWithRetryManager:70 - Updater plugin not ready yet. [2/15]
2022-12-09 09:56:51,837 [INFO] MainUpdater:2768 - connection check result : 10
2022-12-09 09:56:51,838 [INFO] MainUpdater:280 - Updater Check For Update Now.
2022-12-09 09:56:51,838 [INFO] MicroXplorer:481 - Change Database Version : DB.6.0.60
2022-12-09 09:56:52,033 [INFO] CheckServerUpdateThread:119 - End of CheckServer Thread
2022-12-09 09:56:52,075 [INFO] MainUpdater:2768 - connection check result : 10
2022-12-09 09:56:52,088 [INFO] McuFinderGlobals:57 - Set McuFinderConnectedMode to true
2022-12-09 09:56:52,408 [INFO] ServerAccessManage:474 - Download File mcusAds.json._tmp_
2022-12-09 09:56:52,528 [INFO] LoadUrlFilesThread:150 - End of LoadUrlFiles Thread
2022-12-09 09:56:52,594 [INFO] ServerAccessManage:474 - Download File cube-finder-db.zip
2022-12-09 09:56:54,558 [WARN] MainUpdater:1184 - Updater busy. Cannot search thirdparties
2022-12-09 09:56:54,558 [INFO] ThirdPartyUpdaterWithRetryManager:96 - Updater plugin is busy. [1/15]
2022-12-09 09:56:57,569 [WARN] MainUpdater:1184 - Updater busy. Cannot search thirdparties
2022-12-09 09:56:57,569 [INFO] ThirdPartyUpdaterWithRetryManager:96 - Updater plugin is busy. [2/15]
2022-12-09 09:57:00,570 [WARN] MainUpdater:1184 - Updater busy. Cannot search thirdparties
2022-12-09 09:57:00,570 [INFO] ThirdPartyUpdaterWithRetryManager:96 - Updater plugin is busy. [3/15]
2022-12-09 09:57:03,575 [WARN] MainUpdater:1184 - Updater busy. Cannot search thirdparties
2022-12-09 09:57:03,575 [INFO] ThirdPartyUpdaterWithRetryManager:96 - Updater plugin is busy. [4/15]
2022-12-09 09:57:06,588 [WARN] MainUpdater:1184 - Updater busy. Cannot search thirdparties
2022-12-09 09:57:06,588 [INFO] ThirdPartyUpdaterWithRetryManager:96 - Updater plugin is busy. [5/15]
2022-12-09 09:57:09,593 [WARN] MainUpdater:1184 - Updater busy. Cannot search thirdparties
2022-12-09 09:57:09,593 [INFO] ThirdPartyUpdaterWithRetryManager:96 - Updater plugin is busy. [6/15]
2022-12-09 09:57:12,603 [WARN] MainUpdater:1184 - Updater busy. Cannot search thirdparties
2022-12-09 09:57:12,603 [INFO] ThirdPartyUpdaterWithRetryManager:96 - Updater plugin is busy. [7/15]
2022-12-09 09:57:15,614 [WARN] MainUpdater:1184 - Updater busy. Cannot search thirdparties
2022-12-09 09:57:15,614 [INFO] ThirdPartyUpdaterWithRetryManager:96 - Updater plugin is busy. [8/15]
2022-12-09 09:57:17,710 [INFO] FileExtend:239 - Unzip File : cube-finder-db.zip
2022-12-09 09:57:17,711 [INFO] FileExtend:254 - Standard Zip Deflate
2022-12-09 09:57:18,554 [INFO] LoadUrlFilesThread:150 - End of LoadUrlFiles Thread
2022-12-09 09:57:18,615 [WARN] MainUpdater:1184 - Updater busy. Cannot search thirdparties
2022-12-09 09:57:18,615 [INFO] ThirdPartyUpdaterWithRetryManager:96 - Updater plugin is busy. [9/15]
2022-12-09 09:57:21,047 [INFO] ServerAccessManage:474 - Download File crdb.zip
2022-12-09 09:57:21,626 [WARN] MainUpdater:1184 - Updater busy. Cannot search thirdparties
2022-12-09 09:57:21,626 [INFO] ThirdPartyUpdaterWithRetryManager:96 - Updater plugin is busy. [10/15]
2022-12-09 09:57:22,917 [INFO] FileExtend:239 - Unzip File : crdb.zip
2022-12-09 09:57:22,917 [INFO] FileExtend:254 - Standard Zip Deflate
2022-12-09 09:57:23,047 [INFO] LoadUrlFilesThread:150 - End of LoadUrlFiles Thread
2022-12-09 09:57:23,327 [INFO] ServerAccessManage:474 - Download File tutoVideoDB.zip
2022-12-09 09:57:23,421 [INFO] FileExtend:239 - Unzip File : tutoVideoDB.zip
2022-12-09 09:57:23,421 [INFO] FileExtend:254 - Standard Zip Deflate
2022-12-09 09:57:23,538 [INFO] LoadUrlFilesThread:150 - End of LoadUrlFiles Thread
2022-12-09 09:57:23,546 [INFO] JxBrowserEngine:106 - Initiate JxBrowser Engine with user profile folder
2022-12-09 09:57:23,756 [ERROR] JxBrowserEngine:59 - Can't initiate JxBrowser engine com.teamdev.jxbrowser.engine.ChromiumBinariesExtractionException: Failed to extract Chromium binaries into C:\Users\HP PV\.stm32cubemx\.jxbrowser\Chromium
2022-12-09 09:57:23,757 [WARN] DbFile:40 - Overriding database path with different value: C:\Users\HP PV\.stmcufinder\plugins\mcufinder/ => C:\Users\HP PV\.stmcufinder\plugins\mcufinder
2022-12-09 09:57:23,863 [INFO] ServerAccessManage:474 - Download File api_config.json
2022-12-09 09:57:23,975 [INFO] LoadUrlFilesThread:150 - End of LoadUrlFiles Thread
2022-12-09 09:57:23,976 [INFO] DbMcusAds:52 - JSON generation date=Thu Sep 30 13:55:09 ICT 2021 (1632984909377)
2022-12-09 09:57:23,999 [INFO] LoadUrlFilesThread:177 - End of LoadServerUrlFiles without Thread
2022-12-09 09:57:23,999 [INFO] TargetSelectorAdapter:228 - Refresh data is successful
2022-12-09 09:57:24,082 [INFO] ApiDb:576 - Connected to CubeFinder SQLite database (C:\Users\HP PV\.stmcufinder\plugins\mcufinder\mcu\cube-finder-db.db)
2022-12-09 09:57:24,127 [INFO] ApiDb:663 - CubeFinder database Data Model version=2.1
2022-12-09 09:57:24,127 [INFO] ApiDb:664 - CubeFinder database Configuration version=3.0.35
2022-12-09 09:57:24,128 [INFO] ApiDb:665 - CubeFinder database generation date=2022-11-18 (1668769384)
2022-12-09 09:57:24,128 [INFO] ApiDb:666 - CubeFinder database FW Pack versions=[FP-ATR-ASTRA1_V1.1.1, STM32Cube_FW_C0_V1.0.0, STM32Cube_FW_F4_V1.27.1, STM32Cube_FW_F7_V1.17.0, STM32Cube_FW_G0_V1.6.1, STM32Cube_FW_G4_V1.5.0, STM32Cube_FW_H5_V0.5.1, STM32Cube_FW_H7_V1.11.0, STM32Cube_FW_L5_V1.5.0, STM32Cube_FW_U5_V1.1.1, STM32Cube_FW_WBA_V0.2.0, STM32Cube_FW_WB_V1.15.0, STM32Cube_FW_WB_V1.15.0RC1, STM32Cube_FW_WL_V1.3.0, X-CUBE-ALGOBUILD_V1.3.0, X-CUBE-ALS_V1.0.1, X-CUBE-AZRTOS-F4_V1.1.0, X-CUBE-AZRTOS-F7_V1.1.0, X-CUBE-AZRTOS-G0_V1.1.0, X-CUBE-AZRTOS-G4_V1.0.0, X-CUBE-AZRTOS-H7_V2.1.0, X-CUBE-AZRTOS-L4_V1.0.0, X-CUBE-AZRTOS-L5_V1.0.0, X-CUBE-AZRTOS-WL_V1.0.0, X-CUBE-BLE1_V6.2.4, X-CUBE-BLE2_V3.3.0, X-CUBE-BLEMGR_V1.2.0, X-CUBE-EEPRMA1_V3.1.1, X-CUBE-GNSS1_V6.0.0, X-CUBE-MEMS1_V9.1.0, X-CUBE-MEMS1_V9.3.0, X-CUBE-NFC4_V2.0.4, X-CUBE-NFC7_V1.0.0, X-CUBE-SFXS2LP1_V4.0.0, X-CUBE-SUBG2_V5.0.0]
2022-12-09 09:57:24,776 [WARN] PackLoader:242 - Cannot read IP mode file for STMicroelectronics.X-CUBE-GNSS1.6.0.0
2022-12-09 09:57:24,818 [WARN] PackLoader:242 - Cannot read IP mode file for STMicroelectronics.X-CUBE-AZRTOS-F4.1.1.0
2022-12-09 09:57:24,842 [WARN] PackLoader:242 - Cannot read IP mode file for STMicroelectronics.X-CUBE-BLEMGR.1.2.0
2022-12-09 09:57:24,891 [WARN] PackLoader:242 - Cannot read IP mode file for STMicroelectronics.X-CUBE-AZRTOS-F7.1.1.0
2022-12-09 09:57:24,906 [WARN] PackLoader:242 - Cannot read IP mode file for STMicroelectronics.X-CUBE-BLE1.6.2.3
2022-12-09 09:57:24,918 [WARN] PackLoader:242 - Cannot read IP mode file for STMicroelectronics.X-CUBE-BLE1.6.2.4
2022-12-09 09:57:24,928 [WARN] PackLoader:242 - Cannot read IP mode file for STMicroelectronics.X-CUBE-NFC4.2.0.5
2022-12-09 09:57:24,939 [WARN] PackLoader:242 - Cannot read IP mode file for STMicroelectronics.X-CUBE-NFC4.2.0.4
2022-12-09 09:57:24,954 [WARN] PackLoader:242 - Cannot read IP mode file for STMicroelectronics.X-CUBE-TOF1.3.1.0
2022-12-09 09:57:24,968 [WARN] PackLoader:242 - Cannot read IP mode file for wolfSSL.I-CUBE-wolfSSL.5.5.0
2022-12-09 09:57:24,978 [WARN] PackLoader:242 - Cannot read IP mode file for STMicroelectronics.X-CUBE-NFC7.1.0.0
2022-12-09 09:57:25,040 [WARN] PackLoader:242 - Cannot read IP mode file for STMicroelectronics.X-CUBE-MEMS1.9.3.0
2022-12-09 09:57:25,221 [WARN] PackLoader:242 - Cannot read IP mode file for STMicroelectronics.X-CUBE-AI.7.2.0
2022-12-09 09:57:25,251 [WARN] PackLoader:242 - Cannot read IP mode file for STMicroelectronics.X-CUBE-SFXS2LP1.4.0.0
2022-12-09 09:57:25,268 [WARN] PackLoader:242 - Cannot read IP mode file for STMicroelectronics.X-CUBE-BLE2.3.3.0
2022-12-09 09:57:25,290 [WARN] PackLoader:242 - Cannot read IP mode file for STMicroelectronics.X-CUBE-DISPLAY.2.2.0
2022-12-09 09:57:25,319 [WARN] PackLoader:242 - Cannot read IP mode file for STMicroelectronics.X-CUBE-TOF1.3.2.0
2022-12-09 09:57:25,340 [WARN] PackLoader:242 - Cannot read IP mode file for STMicroelectronics.X-CUBE-ISPU.1.0.0
2022-12-09 09:57:25,349 [WARN] PackLoader:242 - Cannot read IP mode file for STMicroelectronics.X-CUBE-ISPU.1.1.0
2022-12-09 09:57:25,371 [WARN] PackLoader:242 - Cannot read IP mode file for RoweBots.I-CUBE-UNISONRTOS.5.5.0-4
2022-12-09 09:57:25,416 [WARN] PackLoader:242 - Cannot read IP mode file for STMicroelectronics.X-CUBE-AZRTOS-H7.2.1.0
2022-12-09 09:57:25,436 [WARN] PackLoader:242 - Cannot read IP mode file for STMicroelectronics.X-CUBE-BLEMGR.1.0.0
2022-12-09 09:57:25,507 [WARN] PackLoader:242 - Cannot read IP mode file for STMicroelectronics.X-CUBE-MEMS1.9.4.0
2022-12-09 09:57:25,690 [WARN] PackLoader:242 - Cannot read IP mode file for STMicroelectronics.X-CUBE-AI.7.3.0
2022-12-09 09:57:25,703 [WARN] PackLoader:242 - Cannot read IP mode file for STMicroelectronics.X-CUBE-ALGOBUILD.1.3.0
2022-12-09 09:57:25,737 [WARN] PackLoader:242 - Cannot read IP mode file for STMicroelectronics.X-CUBE-AZRTOS-L5.1.1.0
2022-12-09 09:57:25,772 [WARN] PackLoader:242 - Cannot read IP mode file for STMicroelectronics.X-CUBE-AZRTOS-G0.1.1.0
2022-12-09 09:57:25,796 [WARN] PackLoader:242 - Cannot read IP mode file for STMicroelectronics.X-CUBE-SUBG2.5.0.0
2022-12-09 09:57:25,860 [WARN] PackLoader:242 - Cannot read IP mode file for SEGGER.I-CUBE-embOS.1.2.0
2022-12-09 09:57:25,896 [WARN] PackLoader:242 - Cannot read IP mode file for STMicroelectronics.FP-ATR-ASTRA1.1.1.1
2022-12-09 09:57:25,919 [WARN] PackLoader:242 - Cannot read IP mode file for STMicroelectronics.X-CUBE-BLEMGR.1.3.0
2022-12-09 09:57:25,958 [WARN] PackLoader:242 - Cannot read IP mode file for STMicroelectronics.X-CUBE-AZRTOS-G4.1.0.0
2022-12-09 09:57:25,971 [WARN] PackLoader:242 - Cannot read IP mode file for STMicroelectronics.FP-ATR-SIGFOX1.3.2.0
2022-12-09 09:57:26,011 [WARN] PackLoader:242 - Cannot read IP mode file for STMicroelectronics.X-CUBE-AZRTOS-L4.1.0.0
2022-12-09 09:57:26,034 [WARN] PackLoader:242 - Cannot read IP mode file for emotas.I-CUBE-CANOPEN.1.1.2
2022-12-09 09:57:26,048 [WARN] PackLoader:242 - Cannot read IP mode file for STMicroelectronics.X-CUBE-TOUCHGFX.4.20.0
2022-12-09 09:57:26,076 [WARN] PackLoader:242 - Cannot read IP mode file for STMicroelectronics.X-CUBE-AZRTOS-WL.1.0.0
2022-12-09 09:57:26,093 [WARN] PackLoader:242 - Cannot read IP mode file for portGmbH.I-Cube-SoM-uGOAL.1.1.0
2022-12-09 09:57:26,097 [INFO] ApiDb:239 - Found 138 in-development CPN: [B-WB1M-WPAN1, NUCLEO-C031C6, STEVAL-STWINBX1, STM320518-EVAL, STM32C0116-DK, STM32C011D6Y3TR, STM32C011D6Y6TR, STM32C011F4P3, STM32C011F4P6, STM32C011F4U3, STM32C011F4U6TR, STM32C011F6P3, STM32C011F6P6, STM32C011F6U3, STM32C011F6U6TR, STM32C011J4M3, STM32C011J4M6, STM32C011J6M3, STM32C011J6M6, STM32C0316-DK, STM32C031C4T3, STM32C031C4T6, STM32C031C4U3, STM32C031C4U6, STM32C031C6T3, STM32C031C6T6, STM32C031C6U3, STM32C031C6U6, STM32C031F4P3, STM32C031F4P6, STM32C031F6P3, STM32C031F6P6, STM32C031G4U3, STM32C031G4U6, STM32C031G6U3, STM32C031G6U6, STM32C031K4T3, STM32C031K4T6, STM32C031K4U3, STM32C031K4U6, STM32C031K6T3, STM32C031K6T6, STM32C031K6U3, STM32C031K6U6, STM32G071K8TXN, STM32G071K8UXN, STM32G081GBU6N, STM32G081KBT6N, STM32G081KBUXN, STM32G0B1CCT6N, STM32G0B1KCT6, STM32G0B1NEY6TR, STM32G0B1RCT6N, STM32G0C1CCT6, STM32G0C1CCT6N, STM32G0C1CCU6N, STM32G0C1CET6N, STM32G0C1CEU6N, STM32G0C1KCT6, STM32G0C1NEY6TR, STM32G0C1RCI6N, STM32G0C1RCT6N, STM32G0C1REI6N, STM32G0C1RET6N, STM32G0C1VCI6, STM32G0C1VEI6, STM32G471CCT6, STM32G471CCU6, STM32G471CET3, STM32G471CET6, STM32G471CEU3, STM32G471CEU6, STM32G471MCT6, STM32G471MET3, STM32G471MET6, STM32G471MEY6TR, STM32G471QCT6, STM32G471QET3, STM32G471RCT6, STM32G471RET3, STM32G471RET6, STM32G471VCH6, STM32G471VCI6, STM32G471VCT6, STM32G471VEH3, STM32G471VEH6, STM32G471VEI3, STM32G471VEI6, STM32G471VET3, STM32G471VET6, STM32G474CCT6, STM32L476VGY6PTR, STM32L4R5QGI6STR, STM32MP131AAE3, STM32MP131AAF3, STM32MP131AAG3, STM32MP131CAE3, STM32MP131CAF3, STM32MP131CAG3, STM32MP131DAE7, STM32MP131DAF7, STM32MP131DAG7, STM32MP131FAE7, STM32MP131FAF7, STM32MP131FAG7, STM32MP133AAE3, STM32MP133AAF3, STM32MP133AAG3, STM32MP133CAE3, STM32MP133CAF3, STM32MP133CAG3, STM32MP133DAE7, STM32MP133DAF7, STM32MP133DAG7, STM32MP133FAE7, STM32MP133FAF7, STM32MP133FAG7, STM32MP135AAE3, STM32MP135AAF3, STM32MP135AAG3, STM32MP135CAE3, STM32MP135CAF3, STM32MP135CAG3, STM32MP135DAE7, STM32MP135DAF7, STM32MP135DAG7, STM32MP135F-DK, STM32MP135FAE7, STM32MP135FAF7, STM32MP135FAG7, STM32U595ZJT6Q, STM32U599BJY6QTR, STM32U599NIH6Q, STM32U599NJH6Q, STM32U5A5ZJT6Q, STM32U5A9BJY6QTR, STM32U5A9NJH6Q, STM32WB1MMCH6]
2022-12-09 09:57:26,104 [INFO] DbMcus:215 - Found 3580 MCUs, 3580 are supported
2022-12-09 09:57:26,107 [WARN] PackLoader:242 - Cannot read IP mode file for STMicroelectronics.X-CUBE-ALS.1.0.1
2022-12-09 09:57:26,110 [INFO] ApiDb:418 - Load user favorites file C:\Users\HP PV/.stm32cubeide/favorites.mcus.txt: 0 item(s)
2022-12-09 09:57:26,110 [INFO] ApiDb:422 - User favorites MCUs=[]
2022-12-09 09:57:26,111 [INFO] DbMcus:221 - Set 0 / 0 favorites MCUs
2022-12-09 09:57:26,116 [INFO] ApiDb:663 - CubeFinder database Data Model version=2.1
2022-12-09 09:57:26,116 [INFO] ApiDb:664 - CubeFinder database Configuration version=3.0.35
2022-12-09 09:57:26,116 [INFO] ApiDb:665 - CubeFinder database generation date=2022-11-18 (1668769384)
2022-12-09 09:57:26,116 [INFO] ApiDb:666 - CubeFinder database FW Pack versions=[FP-ATR-ASTRA1_V1.1.1, STM32Cube_FW_C0_V1.0.0, STM32Cube_FW_F4_V1.27.1, STM32Cube_FW_F7_V1.17.0, STM32Cube_FW_G0_V1.6.1, STM32Cube_FW_G4_V1.5.0, STM32Cube_FW_H5_V0.5.1, STM32Cube_FW_H7_V1.11.0, STM32Cube_FW_L5_V1.5.0, STM32Cube_FW_U5_V1.1.1, STM32Cube_FW_WBA_V0.2.0, STM32Cube_FW_WB_V1.15.0, STM32Cube_FW_WB_V1.15.0RC1, STM32Cube_FW_WL_V1.3.0, X-CUBE-ALGOBUILD_V1.3.0, X-CUBE-ALS_V1.0.1, X-CUBE-AZRTOS-F4_V1.1.0, X-CUBE-AZRTOS-F7_V1.1.0, X-CUBE-AZRTOS-G0_V1.1.0, X-CUBE-AZRTOS-G4_V1.0.0, X-CUBE-AZRTOS-H7_V2.1.0, X-CUBE-AZRTOS-L4_V1.0.0, X-CUBE-AZRTOS-L5_V1.0.0, X-CUBE-AZRTOS-WL_V1.0.0, X-CUBE-BLE1_V6.2.4, X-CUBE-BLE2_V3.3.0, X-CUBE-BLEMGR_V1.2.0, X-CUBE-EEPRMA1_V3.1.1, X-CUBE-GNSS1_V6.0.0, X-CUBE-MEMS1_V9.1.0, X-CUBE-MEMS1_V9.3.0, X-CUBE-NFC4_V2.0.4, X-CUBE-NFC7_V1.0.0, X-CUBE-SFXS2LP1_V4.0.0, X-CUBE-SUBG2_V5.0.0]
2022-12-09 09:57:26,142 [WARN] PackLoader:242 - Cannot read IP mode file for STMicroelectronics.X-CUBE-AZRTOS-WB.1.1.0
2022-12-09 09:57:26,192 [WARN] PackLoader:242 - Cannot read IP mode file for STMicroelectronics.X-CUBE-AZRTOS-L5.1.0.0
2022-12-09 09:57:26,198 [INFO] DbBoardsSqlite:227 - include board P-NUCLEO-WB55-NUCLEO as a kit item of type 'Nucleo-64'
2022-12-09 09:57:26,198 [INFO] DbBoardsSqlite:227 - include board P-NUCLEO-WB55-USBDONGLE as a kit item of type 'Nucleo USB Dongle'
2022-12-09 09:57:26,199 [INFO] DbBoardsSqlite:227 - include board STEVAL-IDP005V1 as a kit item of type 'Evaluation Board'
2022-12-09 09:57:26,199 [INFO] DbBoardsSqlite:227 - include board STEVAL-IDP005V2 as a kit item of type 'Evaluation Board'
2022-12-09 09:57:26,209 [WARN] PackLoader:242 - Cannot read IP mode file for STMicroelectronics.X-CUBE-EEPRMA1.3.1.1
2022-12-09 09:57:26,211 [INFO] ThirdParty:929 - Integrity check success = true
2022-12-09 09:57:26,212 [INFO] IntegrityCheckThread:98 - exiting critical section [integrity check]
2022-12-09 09:57:26,212 [INFO] IntegrityCheckThread:101 - End integrity checks thread
2022-12-09 09:57:26,246 [INFO] ApiDb:239 - Found 138 in-development CPN: [B-WB1M-WPAN1, NUCLEO-C031C6, STEVAL-STWINBX1, STM320518-EVAL, STM32C0116-DK, STM32C011D6Y3TR, STM32C011D6Y6TR, STM32C011F4P3, STM32C011F4P6, STM32C011F4U3, STM32C011F4U6TR, STM32C011F6P3, STM32C011F6P6, STM32C011F6U3, STM32C011F6U6TR, STM32C011J4M3, STM32C011J4M6, STM32C011J6M3, STM32C011J6M6, STM32C0316-DK, STM32C031C4T3, STM32C031C4T6, STM32C031C4U3, STM32C031C4U6, STM32C031C6T3, STM32C031C6T6, STM32C031C6U3, STM32C031C6U6, STM32C031F4P3, STM32C031F4P6, STM32C031F6P3, STM32C031F6P6, STM32C031G4U3, STM32C031G4U6, STM32C031G6U3, STM32C031G6U6, STM32C031K4T3, STM32C031K4T6, STM32C031K4U3, STM32C031K4U6, STM32C031K6T3, STM32C031K6T6, STM32C031K6U3, STM32C031K6U6, STM32G071K8TXN, STM32G071K8UXN, STM32G081GBU6N, STM32G081KBT6N, STM32G081KBUXN, STM32G0B1CCT6N, STM32G0B1KCT6, STM32G0B1NEY6TR, STM32G0B1RCT6N, STM32G0C1CCT6, STM32G0C1CCT6N, STM32G0C1CCU6N, STM32G0C1CET6N, STM32G0C1CEU6N, STM32G0C1KCT6, STM32G0C1NEY6TR, STM32G0C1RCI6N, STM32G0C1RCT6N, STM32G0C1REI6N, STM32G0C1RET6N, STM32G0C1VCI6, STM32G0C1VEI6, STM32G471CCT6, STM32G471CCU6, STM32G471CET3, STM32G471CET6, STM32G471CEU3, STM32G471CEU6, STM32G471MCT6, STM32G471MET3, STM32G471MET6, STM32G471MEY6TR, STM32G471QCT6, STM32G471QET3, STM32G471RCT6, STM32G471RET3, STM32G471RET6, STM32G471VCH6, STM32G471VCI6, STM32G471VCT6, STM32G471VEH3, STM32G471VEH6, STM32G471VEI3, STM32G471VEI6, STM32G471VET3, STM32G471VET6, STM32G474CCT6, STM32L476VGY6PTR, STM32L4R5QGI6STR, STM32MP131AAE3, STM32MP131AAF3, STM32MP131AAG3, STM32MP131CAE3, STM32MP131CAF3, STM32MP131CAG3, STM32MP131DAE7, STM32MP131DAF7, STM32MP131DAG7, STM32MP131FAE7, STM32MP131FAF7, STM32MP131FAG7, STM32MP133AAE3, STM32MP133AAF3, STM32MP133AAG3, STM32MP133CAE3, STM32MP133CAF3, STM32MP133CAG3, STM32MP133DAE7, STM32MP133DAF7, STM32MP133DAG7, STM32MP133FAE7, STM32MP133FAF7, STM32MP133FAG7, STM32MP135AAE3, STM32MP135AAF3, STM32MP135AAG3, STM32MP135CAE3, STM32MP135CAF3, STM32MP135CAG3, STM32MP135DAE7, STM32MP135DAF7, STM32MP135DAG7, STM32MP135F-DK, STM32MP135FAE7, STM32MP135FAF7, STM32MP135FAG7, STM32U595ZJT6Q, STM32U599BJY6QTR, STM32U599NIH6Q, STM32U599NJH6Q, STM32U5A5ZJT6Q, STM32U5A9BJY6QTR, STM32U5A9NJH6Q, STM32WB1MMCH6]
2022-12-09 09:57:26,396 [INFO] BoardInfo:879 - No configuration file found for board P-NUCLEO-WB55
2022-12-09 09:57:26,396 [INFO] DbBoards:156 - Kit is not supported: P-NUCLEO-WB55
2022-12-09 09:57:26,402 [INFO] BoardInfo:879 - No configuration file found for board STEVAL-BFA001V1B
2022-12-09 09:57:26,402 [INFO] DbBoards:156 - Kit is not supported: STEVAL-BFA001V1B
2022-12-09 09:57:26,403 [INFO] BoardInfo:879 - No configuration file found for board STEVAL-BFA001V2B
2022-12-09 09:57:26,403 [INFO] DbBoards:156 - Kit is not supported: STEVAL-BFA001V2B
2022-12-09 09:57:26,409 [INFO] BoardInfo:879 - No configuration file found for board STEVAL-PROTEUS1
2022-12-09 09:57:26,409 [INFO] DbBoards:156 - Board is not supported: STEVAL-PROTEUS1
2022-12-09 09:57:26,547 [INFO] DbBoards:160 - Found 178 boards, 174 are supported
2022-12-09 09:57:26,554 [INFO] ApiDb:418 - Load user favorites file C:\Users\HP PV/.stm32cubeide/favorites.boards.txt: 0 item(s)
2022-12-09 09:57:26,554 [INFO] ApiDb:422 - User favorites Boards=[]
2022-12-09 09:57:26,554 [INFO] DbBoards:189 - Set 0 / 0 favorites Boards
2022-12-09 09:57:26,557 [INFO] ApiDb:663 - CubeFinder database Data Model version=2.1
2022-12-09 09:57:26,557 [INFO] ApiDb:664 - CubeFinder database Configuration version=3.0.35
2022-12-09 09:57:26,558 [INFO] ApiDb:665 - CubeFinder database generation date=2022-11-18 (1668769384)
2022-12-09 09:57:26,558 [INFO] ApiDb:666 - CubeFinder database FW Pack versions=[FP-ATR-ASTRA1_V1.1.1, STM32Cube_FW_C0_V1.0.0, STM32Cube_FW_F4_V1.27.1, STM32Cube_FW_F7_V1.17.0, STM32Cube_FW_G0_V1.6.1, STM32Cube_FW_G4_V1.5.0, STM32Cube_FW_H5_V0.5.1, STM32Cube_FW_H7_V1.11.0, STM32Cube_FW_L5_V1.5.0, STM32Cube_FW_U5_V1.1.1, STM32Cube_FW_WBA_V0.2.0, STM32Cube_FW_WB_V1.15.0, STM32Cube_FW_WB_V1.15.0RC1, STM32Cube_FW_WL_V1.3.0, X-CUBE-ALGOBUILD_V1.3.0, X-CUBE-ALS_V1.0.1, X-CUBE-AZRTOS-F4_V1.1.0, X-CUBE-AZRTOS-F7_V1.1.0, X-CUBE-AZRTOS-G0_V1.1.0, X-CUBE-AZRTOS-G4_V1.0.0, X-CUBE-AZRTOS-H7_V2.1.0, X-CUBE-AZRTOS-L4_V1.0.0, X-CUBE-AZRTOS-L5_V1.0.0, X-CUBE-AZRTOS-WL_V1.0.0, X-CUBE-BLE1_V6.2.4, X-CUBE-BLE2_V3.3.0, X-CUBE-BLEMGR_V1.2.0, X-CUBE-EEPRMA1_V3.1.1, X-CUBE-GNSS1_V6.0.0, X-CUBE-MEMS1_V9.1.0, X-CUBE-MEMS1_V9.3.0, X-CUBE-NFC4_V2.0.4, X-CUBE-NFC7_V1.0.0, X-CUBE-SFXS2LP1_V4.0.0, X-CUBE-SUBG2_V5.0.0]
2022-12-09 09:57:27,275 [INFO] DbExamplesSqlite:374 - Ignored 31 examples not supported by CubeIDE
2022-12-09 09:57:27,276 [INFO] DbExamplesSqlite:375 - Found 6217 examples active
2022-12-09 09:57:27,276 [INFO] DbExamplesSqlite:376 - Found 275 examples obsolete
2022-12-09 09:57:27,277 [INFO] DbExamplesSqlite:377 - Found 0 examples under development
2022-12-09 09:57:27,277 [INFO] DbExamplesSqlite:378 - Found 77 examples not building
2022-12-09 09:57:27,279 [INFO] DbExamples:124 - Found 6263 examples
2022-12-09 09:57:27,360 [ERROR] DbExamples:207 - Found 120 examples with invalid data (board or MCU)
2022-12-09 09:57:27,360 [INFO] DbExamples:221 - Found 77 boards with related examples
2022-12-09 09:57:27,362 [INFO] DbExamples:234 - Found 62 MCUs with related examples
2022-12-09 09:57:27,385 [INFO] ApiDb:409 - User favorites file not found: C:\Users\HP PV/.stm32cubeide/favorites.examples.txt
2022-12-09 09:57:27,385 [INFO] DbExamples:249 - Set 0 / 0 favorites Examples
2022-12-09 09:57:27,616 [INFO] McuFinderGlobals:57 - Set McuFinderConnectedMode to true
2022-12-09 09:57:27,626 [INFO] MultiScanPanel:195 - Auto-refresh data requested => check proxy status ongoing
2022-12-09 09:57:27,630 [INFO] FinderPluginLoader:92 - Searching for filters in installed packs
2022-12-09 09:57:29,286 [INFO] LoadUrlFilesThread:177 - End of LoadServerUrlFiles without Thread
2022-12-09 09:57:29,303 [INFO] DetailPanel:339 - Set advertising image to C:/Users/HP PV/STM32Cube/Repository/\en.Prom_NBSTM32U50921.jpg
2022-12-09 09:57:30,153 [INFO] ToolPreferences:109 - Table McuList, key=mcufinder_cubeide.mculist: column name not found=IO
2022-12-09 09:57:30,154 [INFO] ToolPreferences:109 - Table McuList, key=mcufinder_cubeide.mculist: column name not found=Freq.
2022-12-09 09:57:51,936 [INFO] MultiScanPanel:195 - Auto-refresh data requested => check proxy status ongoing
2022-12-09 09:57:52,038 [INFO] LoadUrlFilesThread:177 - End of LoadServerUrlFiles without Thread
2022-12-09 09:57:52,038 [INFO] DetailPanel:339 - Set advertising image to C:/Users/HP PV/STM32Cube/Repository/\en.Prom_NBSTM32U50921.jpg
2022-12-09 09:57:52,048 [INFO] DbBoards:628 - Loading board mini-images...
2022-12-09 09:57:52,248 [ERROR] DbBoards:648 - No image file defined for board B-WB1M-WPAN1
2022-12-09 09:57:52,248 [ERROR] DbBoards:648 - No image file defined for board NUCLEO-C031C6
2022-12-09 09:57:53,315 [ERROR] DbBoards:645 - Image file not found for board STEVAL-PROTEUS1: C:\ST\STM32CubeIDE_1.7.0\STM32CubeIDE\plugins\com.st.stm32cube.common.mx_6.6.1.202207061420\\db\/plugins/mcufinder/images/boards/steval-proteus1_image.jpg
2022-12-09 09:57:53,315 [ERROR] DbBoards:648 - No image file defined for board STEVAL-STWINBX1
2022-12-09 09:57:53,365 [ERROR] DbBoards:645 - Image file not found for board STM320518-EVAL: C:\ST\STM32CubeIDE_1.7.0\STM32CubeIDE\plugins\com.st.stm32cube.common.mx_6.6.1.202207061420\\db\/plugins/mcufinder/images/boards/stm320518-eval.jpg
2022-12-09 09:57:53,373 [ERROR] DbBoards:648 - No image file defined for board STM32091C-EVAL
2022-12-09 09:57:53,374 [ERROR] DbBoards:648 - No image file defined for board STM32100E-EVAL
2022-12-09 09:57:53,374 [ERROR] DbBoards:648 - No image file defined for board STM3210C-EVAL
2022-12-09 09:57:53,388 [ERROR] DbBoards:648 - No image file defined for board STM3221G-EVAL
2022-12-09 09:57:53,388 [ERROR] DbBoards:648 - No image file defined for board STM32303C-EVAL
2022-12-09 09:57:53,477 [ERROR] DbBoards:648 - No image file defined for board STM32479I-EVAL
2022-12-09 09:57:53,477 [ERROR] DbBoards:648 - No image file defined for board STM32746G-EVAL2
2022-12-09 09:57:53,485 [ERROR] DbBoards:648 - No image file defined for board STM32C0116-DK
2022-12-09 09:57:53,486 [ERROR] DbBoards:648 - No image file defined for board STM32C0316-DK
2022-12-09 09:57:53,524 [ERROR] DbBoards:648 - No image file defined for board STM32F401C-DISCO
2022-12-09 09:57:53,587 [ERROR] DbBoards:648 - No image file defined for board STM32F7308-DK
2022-12-09 09:57:53,641 [ERROR] DbBoards:648 - No image file defined for board STM32F779I-EVAL
2022-12-09 09:57:53,716 [ERROR] DbBoards:648 - No image file defined for board STM32G474E-EVAL1
2022-12-09 09:57:53,781 [ERROR] DbBoards:648 - No image file defined for board STM32H747I-EVAL
2022-12-09 09:57:53,822 [ERROR] DbBoards:648 - No image file defined for board STM32L-DISCOVERY
2022-12-09 09:57:53,862 [ERROR] DbBoards:648 - No image file defined for board STM32L152D-EVAL
2022-12-09 09:57:54,004 [ERROR] DbBoards:648 - No image file defined for board STM32MP135F-DK
2022-12-09 09:57:54,193 [INFO] DbBoards:651 - Loaded 156 board mini-images
2022-12-09 10:00:31,208 [INFO] MainUpdater:2768 - connection check result : 10
2022-12-09 10:00:31,209 [INFO] MainUpdater:2768 - connection check result : 10
2022-12-09 10:00:31,242 [INFO] MicroXplorer:451 - Change Database Path : 
2022-12-09 10:00:31,242 [INFO] MicroXplorer:481 - Change Database Version : DB.6.0.60
2022-12-09 10:00:31,243 [WARN] ThirdParty:827 - waiting for thirdparty lock release [close project]
2022-12-09 10:00:31,243 [INFO] ThirdParty:829 - entering critical section [close project]
2022-12-09 10:00:31,244 [INFO] ThirdParty:839 - exiting critical section [close project]
2022-12-09 10:00:31,253 [INFO] PinOutPanel:1468 - setPackage(No Configuration,No Configuration)
2022-12-09 10:00:31,260 [INFO] UtilMem:74 - Begin LoadConfig() Used Memory: 538869016 Bytes (568328192)
2022-12-09 10:00:31,264 [INFO] MicroXplorer:451 - Change Database Path : 
2022-12-09 10:00:31,264 [INFO] MicroXplorer:481 - Change Database Version : DB.6.0.60
2022-12-09 10:00:31,265 [INFO] OpenFileManager:307 - Change cursor
2022-12-09 10:00:31,351 [INFO] Mcu:1922 - Initializing MCU STM32F103RBTx STM32F103RBTx 
2022-12-09 10:00:31,351 [INFO] Mcu:1935 - No CPN specified => set CPN to STM32F103RBT6
2022-12-09 10:00:32,391 [INFO] Context:654 - Trying to add GPIOservice into a context  which must be forbidden
2022-12-09 10:00:32,695 [INFO] ImportTextPane:193 - (OptionalMessage_ERROR) Unable to find key (Mcu.ThirdPartyNb) in loaded IOC file
2022-12-09 10:00:32,695 [INFO] ImportTextPane:193 - (OptionalMessage_ERROR) Unable to find key (Mcu.PinsNb) in loaded IOC file
2022-12-09 10:00:32,695 [INFO] ImportTextPane:193 - (OptionalMessage_ERROR) Unable to find key (Mcu.IPNb) in loaded IOC file
2022-12-09 10:00:32,782 [WARN] ApiManager:308 - Cannot register API 'Board Extension:GNSS1A1' from pack STMicroelectronics.X-CUBE-GNSS1.6.0.0: no header file found
2022-12-09 10:00:32,782 [WARN] ApiManager:308 - Cannot register API 'Board Support:Custom' from pack STMicroelectronics.X-CUBE-GNSS1.6.0.0: no header file found
2022-12-09 10:00:32,783 [WARN] ApiManager:308 - Cannot register API 'Data Exchange:lib_gnss' from pack STMicroelectronics.X-CUBE-GNSS1.6.0.0: no header file found
2022-12-09 10:00:32,945 [WARN] ApiManager:308 - Cannot register API 'Board Extension:IKS01A3' from pack STMicroelectronics.X-CUBE-MEMS1.9.4.0: no header file found
2022-12-09 10:00:32,945 [WARN] ApiManager:308 - Cannot register API 'Board Extension:IKS01A2' from pack STMicroelectronics.X-CUBE-MEMS1.9.4.0: no header file found
2022-12-09 10:00:32,945 [WARN] ApiManager:308 - Cannot register API 'Board Extension:IKS02A1' from pack STMicroelectronics.X-CUBE-MEMS1.9.4.0: no header file found
2022-12-09 10:00:32,962 [WARN] ApiManager:308 - Cannot register API 'Wireless:BlueNRG-MS' from pack STMicroelectronics.X-CUBE-BLE1.6.2.3: no header file found
2022-12-09 10:00:32,963 [WARN] ApiManager:308 - Cannot register API 'Wireless:BlueNRG-MS' from pack STMicroelectronics.X-CUBE-BLE1.6.2.4: no header file found
2022-12-09 10:00:32,966 [INFO] RtosManager:488 - Registered RTOS mode: class=CMSIS, group=RTOS, mode=CMSIS_V1, owner=FREERTOS
2022-12-09 10:00:32,967 [INFO] RtosManager:488 - Registered RTOS mode: class=CMSIS, group=RTOS2, mode=CMSIS_V2, owner=FREERTOS
2022-12-09 10:00:32,967 [INFO] RtosManager:488 - Registered RTOS mode: class=RTOS, group=Core, mode=CMSIS_V1, owner=FREERTOS
2022-12-09 10:00:32,967 [INFO] RtosManager:488 - Registered RTOS mode: class=RTOS, group=Core, mode=CMSIS_V2, owner=FREERTOS
2022-12-09 10:00:32,967 [WARN] ModelIntegratedComponent:185 - Missing modes for component STMicroelectronics:FreeRTOS:0.0.1:STMicroelectronics:RTOS:FreeRTOS:Core:::10.2.0:
2022-12-09 10:00:32,971 [WARN] ApiManager:308 - Cannot register API 'Board Extension:S2868A1' from pack STMicroelectronics.X-CUBE-SUBG2.5.0.0: no header file found
2022-12-09 10:00:32,971 [WARN] ApiManager:308 - Cannot register API 'Board Extension:S2868A2' from pack STMicroelectronics.X-CUBE-SUBG2.5.0.0: no header file found
2022-12-09 10:00:32,971 [WARN] ApiManager:308 - Cannot register API 'Board Extension:S2915A1' from pack STMicroelectronics.X-CUBE-SUBG2.5.0.0: no header file found
2022-12-09 10:00:32,976 [WARN] ApiManager:308 - Cannot register API 'Board Extension:NFC04A1' from pack STMicroelectronics.X-CUBE-NFC4.2.0.5: no header file found
2022-12-09 10:00:32,977 [WARN] ApiManager:308 - Cannot register API 'Board Extension:NFC04A1' from pack STMicroelectronics.X-CUBE-NFC4.2.0.4: no header file found
2022-12-09 10:00:32,985 [WARN] ModelIntegratedComponent:64 - No mode defined for component null
2022-12-09 10:00:32,986 [WARN] ModelIntegratedComponent:64 - No mode defined for component null
2022-12-09 10:00:32,986 [WARN] ModelIntegratedComponent:64 - No mode defined for component null
2022-12-09 10:00:32,986 [WARN] ModelIntegratedComponent:64 - No mode defined for component null
2022-12-09 10:00:32,986 [WARN] ModelIntegratedComponent:64 - No mode defined for component null
2022-12-09 10:00:32,986 [WARN] ModelIntegratedComponent:64 - No mode defined for component null
2022-12-09 10:00:32,986 [WARN] ModelIntegratedComponent:64 - No mode defined for component null
2022-12-09 10:00:32,986 [WARN] ModelIntegratedComponent:64 - No mode defined for component null
2022-12-09 10:00:32,986 [WARN] ModelIntegratedComponent:64 - No mode defined for component null
2022-12-09 10:00:32,986 [WARN] ModelIntegratedComponent:64 - No mode defined for component null
2022-12-09 10:00:32,987 [WARN] ModelIntegratedComponent:64 - No mode defined for component null
2022-12-09 10:00:32,987 [WARN] ModelIntegratedComponent:64 - No mode defined for component null
2022-12-09 10:00:32,987 [WARN] ModelIntegratedComponent:64 - No mode defined for component null
2022-12-09 10:00:32,987 [WARN] ModelIntegratedComponent:64 - No mode defined for component null
2022-12-09 10:00:32,987 [WARN] ModelIntegratedComponent:64 - No mode defined for component null
2022-12-09 10:00:32,987 [WARN] ModelIntegratedComponent:64 - No mode defined for component null
2022-12-09 10:00:32,987 [WARN] ModelIntegratedComponent:64 - No mode defined for component null
2022-12-09 10:00:32,987 [WARN] ModelIntegratedComponent:64 - No mode defined for component null
2022-12-09 10:00:32,987 [WARN] ModelIntegratedComponent:64 - No mode defined for component null
2022-12-09 10:00:32,987 [WARN] ModelIntegratedComponent:64 - No mode defined for component null
2022-12-09 10:00:32,988 [WARN] ModelIntegratedComponent:64 - No mode defined for component null
2022-12-09 10:00:32,988 [WARN] ModelIntegratedComponent:64 - No mode defined for component null
2022-12-09 10:00:32,988 [WARN] ModelIntegratedComponent:64 - No mode defined for component null
2022-12-09 10:00:32,988 [WARN] ModelIntegratedComponent:64 - No mode defined for component null
2022-12-09 10:00:32,988 [WARN] ModelIntegratedComponent:64 - No mode defined for component null
2022-12-09 10:00:32,988 [WARN] ModelIntegratedComponent:64 - No mode defined for component null
2022-12-09 10:00:32,988 [WARN] ModelIntegratedComponent:64 - No mode defined for component null
2022-12-09 10:00:32,988 [WARN] ModelIntegratedComponent:64 - No mode defined for component null
2022-12-09 10:00:32,988 [WARN] ModelIntegratedComponent:64 - No mode defined for component null
2022-12-09 10:00:32,988 [WARN] ModelIntegratedComponent:64 - No mode defined for component null
2022-12-09 10:00:32,988 [WARN] ModelIntegratedComponent:64 - No mode defined for component null
2022-12-09 10:00:32,988 [WARN] ModelIntegratedComponent:64 - No mode defined for component null
2022-12-09 10:00:32,988 [WARN] ModelIntegratedComponent:64 - No mode defined for component null
2022-12-09 10:00:32,990 [WARN] ApiManager:308 - Cannot register API 'Board Extension:NFC07A1' from pack STMicroelectronics.X-CUBE-NFC7.1.0.0: no header file found
2022-12-09 10:00:33,086 [WARN] ApiManager:308 - Cannot register API 'Board Extension:IKS01A3' from pack STMicroelectronics.X-CUBE-MEMS1.9.3.0: no header file found
2022-12-09 10:00:33,087 [WARN] ApiManager:308 - Cannot register API 'Board Extension:IKS01A2' from pack STMicroelectronics.X-CUBE-MEMS1.9.3.0: no header file found
2022-12-09 10:00:33,087 [WARN] ApiManager:308 - Cannot register API 'Board Extension:IKS02A1' from pack STMicroelectronics.X-CUBE-MEMS1.9.3.0: no header file found
2022-12-09 10:00:33,093 [WARN] ApiManager:308 - Cannot register API 'Board Extension:EEPRMA1' from pack STMicroelectronics.X-CUBE-EEPRMA1.3.1.1: no header file found
2022-12-09 10:00:33,093 [WARN] ApiManager:308 - Cannot register API 'Board Extension:EEPRMA2' from pack STMicroelectronics.X-CUBE-EEPRMA1.3.1.1: no header file found
2022-12-09 10:00:33,094 [WARN] ApiManager:308 - Cannot register API 'Board Extension:S2868A1' from pack STMicroelectronics.X-CUBE-SFXS2LP1.4.0.0: no header file found
2022-12-09 10:00:33,095 [WARN] ApiManager:308 - Cannot register API 'Board Extension:S2868A2' from pack STMicroelectronics.X-CUBE-SFXS2LP1.4.0.0: no header file found
2022-12-09 10:00:33,095 [WARN] ApiManager:308 - Cannot register API 'Board Extension:S2915A1' from pack STMicroelectronics.X-CUBE-SFXS2LP1.4.0.0: no header file found
2022-12-09 10:00:33,095 [WARN] ApiManager:308 - Cannot register API 'Wireless:BlueNRG-2' from pack STMicroelectronics.X-CUBE-BLE2.3.3.0: no header file found
2022-12-09 10:00:33,109 [INFO] ThirdPartyModel:289 - Start build external matchings
2022-12-09 10:00:33,763 [INFO] ThirdPartyModel:302 - End build external matchings
2022-12-09 10:00:34,021 [INFO] UtilMem:74 - End LoadConfig() Used Memory: 568462000 Bytes (767557632)
2022-12-09 10:00:34,059 [WARN] ThirdParty:789 - waiting for thirdparty lock release [change project]
2022-12-09 10:00:34,059 [INFO] ThirdParty:791 - entering critical section [change project]
2022-12-09 10:00:34,059 [INFO] ThirdParty:981 - CMSIS Pack Vendor :STMicroelectronics X-CUBE-ISPU 1.1.0
2022-12-09 10:00:34,060 [INFO] ThirdParty:981 - CMSIS Pack Vendor :RoweBots I-CUBE-UNISONRTOS 5.5.0-4
2022-12-09 10:00:34,060 [INFO] ThirdParty:981 - CMSIS Pack Vendor :STMicroelectronics X-CUBE-GNSS1 6.0.0
2022-12-09 10:00:34,060 [INFO] ThirdParty:981 - CMSIS Pack Vendor :STMicroelectronics X-CUBE-AZRTOS-H7 2.1.0
2022-12-09 10:00:34,060 [INFO] ThirdParty:981 - CMSIS Pack Vendor :STMicroelectronics USB_HOST 2.0.0
2022-12-09 10:00:34,060 [INFO] ThirdParty:981 - CMSIS Pack Vendor :STMicroelectronics X-CUBE-AZRTOS-F4 1.1.0
2022-12-09 10:00:34,060 [INFO] ThirdParty:981 - CMSIS Pack Vendor :STMicroelectronics LIBJPEG 8.0.0
2022-12-09 10:00:34,060 [INFO] ThirdParty:981 - CMSIS Pack Vendor :STMicroelectronics USB_DEVICE 3.0.0
2022-12-09 10:00:34,060 [INFO] ThirdParty:981 - CMSIS Pack Vendor :STMicroelectronics X-CUBE-BLEMGR 1.0.0
2022-12-09 10:00:34,060 [INFO] ThirdParty:981 - CMSIS Pack Vendor :STMicroelectronics X-CUBE-BLEMGR 1.2.0
2022-12-09 10:00:34,060 [INFO] ThirdParty:981 - CMSIS Pack Vendor :STMicroelectronics X-CUBE-AZRTOS-F7 1.1.0
2022-12-09 10:00:34,061 [INFO] ThirdParty:981 - CMSIS Pack Vendor :STMicroelectronics X-CUBE-MEMS1 9.4.0
2022-12-09 10:00:34,061 [INFO] ThirdParty:981 - CMSIS Pack Vendor :STMicroelectronics USB_DEVICE 2.0.0
2022-12-09 10:00:34,061 [INFO] ThirdParty:981 - CMSIS Pack Vendor :STMicroelectronics X-CUBE-AI 7.3.0
2022-12-09 10:00:34,061 [INFO] ThirdParty:981 - CMSIS Pack Vendor :STMicroelectronics X-CUBE-BLE1 6.2.3
2022-12-09 10:00:34,061 [INFO] ThirdParty:981 - CMSIS Pack Vendor :STMicroelectronics X-CUBE-ALGOBUILD 1.3.0
2022-12-09 10:00:34,061 [INFO] ThirdParty:981 - CMSIS Pack Vendor :STMicroelectronics X-CUBE-BLE1 6.2.4
2022-12-09 10:00:34,061 [INFO] ThirdParty:981 - CMSIS Pack Vendor :STMicroelectronics X-CUBE-AZRTOS-L5 1.1.0
2022-12-09 10:00:34,061 [INFO] ThirdParty:981 - CMSIS Pack Vendor :STMicroelectronics FreeRTOS 0.0.1
2022-12-09 10:00:34,061 [INFO] ThirdParty:981 - CMSIS Pack Vendor :STMicroelectronics X-CUBE-AZRTOS-G0 1.1.0
2022-12-09 10:00:34,062 [INFO] ThirdParty:981 - CMSIS Pack Vendor :STMicroelectronics X-CUBE-SUBG2 5.0.0
2022-12-09 10:00:34,062 [INFO] ThirdParty:981 - CMSIS Pack Vendor :SEGGER I-CUBE-embOS 1.2.0
2022-12-09 10:00:34,062 [INFO] ThirdParty:981 - CMSIS Pack Vendor :STMicroelectronics STM32_WPAN 1.0.0
2022-12-09 10:00:34,062 [INFO] ThirdParty:981 - CMSIS Pack Vendor :STMicroelectronics lwIP 2.0.3
2022-12-09 10:00:34,062 [INFO] ThirdParty:981 - CMSIS Pack Vendor :STMicroelectronics X-CUBE-NFC4 2.0.5
2022-12-09 10:00:34,062 [INFO] ThirdParty:981 - CMSIS Pack Vendor :STMicroelectronics X-CUBE-NFC4 2.0.4
2022-12-09 10:00:34,062 [INFO] ThirdParty:981 - CMSIS Pack Vendor :STMicroelectronics USB_HOST 1.0.0
2022-12-09 10:00:34,062 [INFO] ThirdParty:981 - CMSIS Pack Vendor :STMicroelectronics PDM2PCM 3.1.0
2022-12-09 10:00:34,062 [INFO] ThirdParty:981 - CMSIS Pack Vendor :STMicroelectronics FP-ATR-ASTRA1 1.1.1
2022-12-09 10:00:34,062 [INFO] ThirdParty:981 - CMSIS Pack Vendor :STMicroelectronics PDM2PCM 3.3.0
2022-12-09 10:00:34,062 [INFO] ThirdParty:981 - CMSIS Pack Vendor :STMicroelectronics X-CUBE-TOF1 3.1.0
2022-12-09 10:00:34,062 [INFO] ThirdParty:981 - CMSIS Pack Vendor :STMicroelectronics X-CUBE-BLEMGR 1.3.0
2022-12-09 10:00:34,062 [INFO] ThirdParty:981 - CMSIS Pack Vendor :STMicroelectronics X-CUBE-AZRTOS-G4 1.0.0
2022-12-09 10:00:34,063 [INFO] ThirdParty:981 - CMSIS Pack Vendor :STMicroelectronics FP-ATR-SIGFOX1 3.2.0
2022-12-09 10:00:34,063 [INFO] ThirdParty:981 - CMSIS Pack Vendor :STMicroelectronics X-CUBE-AZRTOS-L4 1.0.0
2022-12-09 10:00:34,063 [INFO] ThirdParty:981 - CMSIS Pack Vendor :wolfSSL I-CUBE-wolfSSL 5.5.0
2022-12-09 10:00:34,063 [INFO] ThirdParty:981 - CMSIS Pack Vendor :STMicroelectronics HAL Drivers 0.0.0
2022-12-09 10:00:34,063 [INFO] ThirdParty:981 - CMSIS Pack Vendor :STMicroelectronics MBEDTLS 2.16.2
2022-12-09 10:00:34,063 [INFO] ThirdParty:981 - CMSIS Pack Vendor :emotas I-CUBE-CANOPEN 1.1.2
2022-12-09 10:00:34,063 [INFO] ThirdParty:981 - CMSIS Pack Vendor :STMicroelectronics X-CUBE-TOUCHGFX 4.20.0
2022-12-09 10:00:34,063 [INFO] ThirdParty:981 - CMSIS Pack Vendor :STMicroelectronics MBEDTLS 2.14.1
2022-12-09 10:00:34,063 [INFO] ThirdParty:981 - CMSIS Pack Vendor :STMicroelectronics X-CUBE-NFC7 1.0.0
2022-12-09 10:00:34,063 [INFO] ThirdParty:981 - CMSIS Pack Vendor :STMicroelectronics X-CUBE-AZRTOS-WL 1.0.0
2022-12-09 10:00:34,063 [INFO] ThirdParty:981 - CMSIS Pack Vendor :STMicroelectronics X-CUBE-MEMS1 9.3.0
2022-12-09 10:00:34,063 [INFO] ThirdParty:981 - CMSIS Pack Vendor :portGmbH I-Cube-SoM-uGOAL 1.1.0
2022-12-09 10:00:34,063 [INFO] ThirdParty:981 - CMSIS Pack Vendor :STMicroelectronics X-CUBE-ALS 1.0.1
2022-12-09 10:00:34,064 [INFO] ThirdParty:981 - CMSIS Pack Vendor :STMicroelectronics X-CUBE-AI 7.2.0
2022-12-09 10:00:34,064 [INFO] ThirdParty:981 - CMSIS Pack Vendor :STMicroelectronics ThreadX 1.0.0
2022-12-09 10:00:34,064 [INFO] ThirdParty:981 - CMSIS Pack Vendor :STMicroelectronics X-CUBE-AZRTOS-WB 1.1.0
2022-12-09 10:00:34,064 [INFO] ThirdParty:981 - CMSIS Pack Vendor :STMicroelectronics X-CUBE-AZRTOS-L5 1.0.0
2022-12-09 10:00:34,064 [INFO] ThirdParty:981 - CMSIS Pack Vendor :STMicroelectronics USB_DEVICE 1.0.0
2022-12-09 10:00:34,064 [INFO] ThirdParty:981 - CMSIS Pack Vendor :STMicroelectronics X-CUBE-EEPRMA1 3.1.1
2022-12-09 10:00:34,064 [INFO] ThirdParty:981 - CMSIS Pack Vendor :STMicroelectronics ThreadX 0.0.2
2022-12-09 10:00:34,064 [INFO] ThirdParty:981 - CMSIS Pack Vendor :STMicroelectronics lwIP 2.1.2
2022-12-09 10:00:34,064 [INFO] ThirdParty:981 - CMSIS Pack Vendor :STMicroelectronics X-CUBE-SFXS2LP1 4.0.0
2022-12-09 10:00:34,064 [INFO] ThirdParty:981 - CMSIS Pack Vendor :STMicroelectronics X-CUBE-BLE2 3.3.0
2022-12-09 10:00:34,064 [INFO] ThirdParty:981 - CMSIS Pack Vendor :STMicroelectronics X-CUBE-DISPLAY 2.2.0
2022-12-09 10:00:34,064 [INFO] ThirdParty:981 - CMSIS Pack Vendor :STMicroelectronics X-CUBE-TOF1 3.2.0
2022-12-09 10:00:34,064 [INFO] ThirdParty:981 - CMSIS Pack Vendor :STMicroelectronics PDM2PCM 3.2.0
2022-12-09 10:00:34,065 [INFO] ThirdParty:981 - CMSIS Pack Vendor :STMicroelectronics X-CUBE-ISPU 1.0.0
2022-12-09 10:00:34,065 [INFO] ThirdParty:797 - exiting critical section [change project]
2022-12-09 10:00:34,447 [INFO] PinOutPanel:1468 - setPackage(No Configuration,No Configuration)
2022-12-09 10:00:34,449 [INFO] PinOutPanel:1468 - setPackage(STM32F103RBTx,LQFP64)
2022-12-09 10:00:34,930 [INFO] UtilMem:74 - Before build in PCC Used Memory: 581992560 Bytes (767557632)
2022-12-09 10:00:35,728 [INFO] UtilMem:74 - After build in PCC Used Memory: 561099776 Bytes (767557632)
2022-12-09 10:00:35,752 [INFO] IPUIPlugin:79 - create IPUIPlugin
2022-12-09 10:00:35,752 [INFO] IPUIPlugin:79 - create IPUIPlugin
2022-12-09 10:00:35,752 [INFO] IPUIPlugin:79 - create IPUIPlugin
2022-12-09 10:00:35,752 [INFO] IPUIPlugin:79 - create IPUIPlugin
2022-12-09 10:00:35,753 [INFO] IPUIPlugin:79 - create IPUIPlugin
2022-12-09 10:00:35,753 [INFO] IPUIPlugin:79 - create IPUIPlugin
2022-12-09 10:00:35,753 [INFO] IPUIPlugin:79 - create IPUIPlugin
2022-12-09 10:00:35,753 [INFO] IPUIPlugin:79 - create IPUIPlugin
2022-12-09 10:00:35,753 [INFO] IPUIPlugin:79 - create IPUIPlugin
2022-12-09 10:00:35,754 [INFO] IPUIPlugin:79 - create IPUIPlugin
2022-12-09 10:00:35,754 [INFO] IPUIPlugin:79 - create IPUIPlugin
2022-12-09 10:00:35,754 [INFO] IPUIPlugin:79 - create IPUIPlugin
2022-12-09 10:00:35,754 [INFO] IPUIPlugin:79 - create IPUIPlugin
2022-12-09 10:00:35,754 [INFO] IPUIPlugin:79 - create IPUIPlugin
2022-12-09 10:00:35,755 [INFO] IPUIPlugin:79 - create IPUIPlugin
2022-12-09 10:00:35,755 [INFO] IPUIPlugin:79 - create IPUIPlugin
2022-12-09 10:00:35,755 [INFO] IPUIPlugin:79 - create IPUIPlugin
2022-12-09 10:00:35,756 [INFO] IPUIPlugin:79 - create IPUIPlugin
2022-12-09 10:00:35,756 [INFO] IPUIPlugin:79 - create IPUIPlugin
2022-12-09 10:00:35,756 [INFO] IPUIPlugin:79 - create IPUIPlugin
2022-12-09 10:00:35,757 [INFO] IPUIPlugin:79 - create IPUIPlugin
2022-12-09 10:00:35,757 [INFO] IPUIPlugin:79 - create IPUIPlugin
2022-12-09 10:00:35,757 [INFO] IPUIPlugin:79 - create IPUIPlugin
2022-12-09 10:00:35,758 [INFO] IPUIPlugin:79 - create IPUIPlugin
2022-12-09 10:00:35,758 [INFO] IPUIPlugin:79 - create IPUIPlugin
2022-12-09 10:00:35,758 [INFO] IPUIPlugin:79 - create IPUIPlugin
2022-12-09 10:00:35,759 [INFO] IPUIPlugin:79 - create IPUIPlugin
2022-12-09 10:00:36,008 [INFO] OpenFileManager:327 - Restore cursor
2022-12-09 10:00:36,977 [INFO] UtilMem:74 - End SaveConfig() Used Memory: 578284944 Bytes (767557632)
2022-12-09 10:00:37,036 [INFO] UtilMem:74 - End SaveConfig() Used Memory: 589819280 Bytes (767557632)
2022-12-09 10:00:37,558 [INFO] BlockDiagram:2753 - set Specific Code input for plugin: NVIC
2022-12-09 10:00:37,558 [INFO] BlockDiagram:2753 - set Specific Code input for plugin: RCC
2022-12-09 10:00:37,564 [INFO] CodeGenerator:690 - code generatio: config db path: C:\ST\STM32CubeIDE_1.7.0\STM32CubeIDE\plugins\com.st.stm32cube.common.mx_6.6.1.202207061420\\db\
2022-12-09 10:00:38,042 [INFO] CodeEngine:245 - oldGeneratedFile, C:\Users\HP PV\STM32CubeIDE\MCU-Assignment\MCU-Assignment\MXTmpFiles\license.tmp_save
2022-12-09 10:00:38,426 [INFO] CodeEngine:269 - Generated code: C:\Users\HP PV\STM32CubeIDE\MCU-Assignment\MCU-Assignment\MXTmpFiles\license.tmp
2022-12-09 10:00:38,453 [INFO] CodeEngine:245 - oldGeneratedFile, C:\Users\HP PV\STM32CubeIDE\MCU-Assignment\MCU-Assignment\Core\Src\stm32f1xx_it.c_save
2022-12-09 10:00:38,628 [INFO] CodeEngine:269 - Generated code: C:\Users\HP PV\STM32CubeIDE\MCU-Assignment\MCU-Assignment\Core\Src\stm32f1xx_it.c
2022-12-09 10:00:38,635 [INFO] CodeEngine:245 - oldGeneratedFile, C:\Users\HP PV\STM32CubeIDE\MCU-Assignment\MCU-Assignment\Core\Inc\stm32f1xx_it.h_save
2022-12-09 10:00:38,733 [INFO] CodeEngine:269 - Generated code: C:\Users\HP PV\STM32CubeIDE\MCU-Assignment\MCU-Assignment\Core\Inc\stm32f1xx_it.h
2022-12-09 10:00:38,832 [INFO] CodeEngine:245 - oldGeneratedFile, C:\Users\HP PV\STM32CubeIDE\MCU-Assignment\MCU-Assignment\Core\Src\stm32f1xx_hal_msp.c_save
2022-12-09 10:00:39,021 [INFO] CodeEngine:269 - Generated code: C:\Users\HP PV\STM32CubeIDE\MCU-Assignment\MCU-Assignment\Core\Src\stm32f1xx_hal_msp.c
2022-12-09 10:00:39,031 [INFO] CodeEngine:245 - oldGeneratedFile, C:\Users\HP PV\STM32CubeIDE\MCU-Assignment\MCU-Assignment\MXTmpFiles\system.tmp_save
2022-12-09 10:00:39,114 [INFO] CodeEngine:269 - Generated code: C:\Users\HP PV\STM32CubeIDE\MCU-Assignment\MCU-Assignment\MXTmpFiles\system.tmp
2022-12-09 10:00:39,131 [INFO] CodeEngine:245 - oldGeneratedFile, C:\Users\HP PV\STM32CubeIDE\MCU-Assignment\MCU-Assignment\Core\Inc\stm32f1xx_hal_conf.h_save
2022-12-09 10:00:39,260 [INFO] CodeEngine:269 - Generated code: C:\Users\HP PV\STM32CubeIDE\MCU-Assignment\MCU-Assignment\Core\Inc\stm32f1xx_hal_conf.h
2022-12-09 10:00:39,308 [INFO] CodeEngine:245 - oldGeneratedFile, C:\Users\HP PV\STM32CubeIDE\MCU-Assignment\MCU-Assignment\Core\Inc\main.h_save
2022-12-09 10:00:39,480 [INFO] CodeEngine:269 - Generated code: C:\Users\HP PV\STM32CubeIDE\MCU-Assignment\MCU-Assignment\Core\Inc\main.h
2022-12-09 10:00:39,489 [INFO] CodeEngine:245 - oldGeneratedFile, C:\Users\HP PV\STM32CubeIDE\MCU-Assignment\MCU-Assignment\Core\Src\main.c_save
2022-12-09 10:00:39,668 [INFO] CodeEngine:269 - Generated code: C:\Users\HP PV\STM32CubeIDE\MCU-Assignment\MCU-Assignment\Core\Src\main.c
2022-12-09 10:00:40,472 [INFO] ProjectBuilder:2919 - Time for Copy HAL[1] : 142mS.
2022-12-09 10:00:40,484 [INFO] ProjectBuilder:4117 - Project Generator version: 3.17.1
2022-12-09 10:00:40,909 [INFO] ConfigFileManager:1394 - The Die is : DIE410
2022-12-09 10:00:40,931 [INFO] ApiDbMcu:505 - Load IP Config File for FATFS
2022-12-09 10:00:40,947 [INFO] ApiDbMcu:505 - Load IP Config File for FREERTOS
2022-12-09 10:00:40,963 [INFO] ApiDbMcu:505 - Load IP Config File for USB_DEVICE
2022-12-09 10:00:45,665 [INFO] ProjectBuilder:4285 - Time for Generating toolchain IDE Files: 5181mS.
2022-12-09 10:00:45,666 [INFO] ProjectBuilder:2790 - Time for Copy CMSIS : 0mS.
2022-12-09 10:00:45,670 [INFO] ProjectBuilder:2790 - Time for Copy CMSIS : 1mS.
2022-12-09 10:00:46,213 [INFO] McuFinderGlobals:57 - Set McuFinderConnectedMode to true
2022-12-09 10:00:46,216 [INFO] ApiDb:443 - Save user favorites file C:\Users\HP PV/.stm32cubeide/favorites.mcus.txt: 0 item(s)
2022-12-09 10:00:46,217 [INFO] ApiDb:447 - User favorites MCUs=[]
2022-12-09 10:00:46,219 [INFO] ApiDb:443 - Save user favorites file C:\Users\HP PV/.stm32cubeide/favorites.boards.txt: 0 item(s)
2022-12-09 10:00:46,219 [INFO] ApiDb:447 - User favorites Boards=[]
2022-12-09 11:27:16,930 [INFO] UtilMem:74 - End SaveConfig() Used Memory: 709120480 Bytes (903872512)
2022-12-09 11:27:18,893 [INFO] UtilMem:74 - End SaveConfig() Used Memory: 730092000 Bytes (903872512)
2022-12-09 11:27:20,399 [INFO] UtilMem:74 - End SaveConfig() Used Memory: 787237344 Bytes (903872512)
2022-12-09 11:27:20,702 [INFO] BlockDiagram:2753 - set Specific Code input for plugin: NVIC
2022-12-09 11:27:20,702 [INFO] BlockDiagram:2753 - set Specific Code input for plugin: SYS
2022-12-09 11:27:20,703 [INFO] BlockDiagram:2753 - set Specific Code input for plugin: GPIO
2022-12-09 11:27:20,703 [INFO] BlockDiagram:2753 - set Specific Code input for plugin: RCC
2022-12-09 11:27:20,706 [INFO] CodeGenerator:690 - code generatio: config db path: C:\ST\STM32CubeIDE_1.7.0\STM32CubeIDE\plugins\com.st.stm32cube.common.mx_6.6.1.202207061420\\db\
2022-12-09 11:27:20,915 [INFO] CodeEngine:245 - oldGeneratedFile, C:\Users\HP PV\STM32CubeIDE\MCU-Assignment\MCU-Assignment\MXTmpFiles\license.tmp_save
2022-12-09 11:27:21,013 [INFO] CodeEngine:269 - Generated code: C:\Users\HP PV\STM32CubeIDE\MCU-Assignment\MCU-Assignment\MXTmpFiles\license.tmp
2022-12-09 11:27:21,050 [INFO] CodeEngine:245 - oldGeneratedFile, C:\Users\HP PV\STM32CubeIDE\MCU-Assignment\MCU-Assignment\MXTmpFiles\gpio.tmp_save
2022-12-09 11:27:21,143 [INFO] CodeEngine:269 - Generated code: C:\Users\HP PV\STM32CubeIDE\MCU-Assignment\MCU-Assignment\MXTmpFiles\gpio.tmp
2022-12-09 11:27:21,168 [INFO] CodeEngine:245 - oldGeneratedFile, C:\Users\HP PV\STM32CubeIDE\MCU-Assignment\MCU-Assignment\Core\Src\stm32f1xx_it.c_save
2022-12-09 11:27:21,244 [INFO] CodeEngine:269 - Generated code: C:\Users\HP PV\STM32CubeIDE\MCU-Assignment\MCU-Assignment\Core\Src\stm32f1xx_it.c
2022-12-09 11:27:21,250 [INFO] CodeEngine:245 - oldGeneratedFile, C:\Users\HP PV\STM32CubeIDE\MCU-Assignment\MCU-Assignment\Core\Inc\stm32f1xx_it.h_save
2022-12-09 11:27:21,320 [INFO] CodeEngine:269 - Generated code: C:\Users\HP PV\STM32CubeIDE\MCU-Assignment\MCU-Assignment\Core\Inc\stm32f1xx_it.h
2022-12-09 11:27:21,330 [INFO] CodeEngine:245 - oldGeneratedFile, C:\Users\HP PV\STM32CubeIDE\MCU-Assignment\MCU-Assignment\Core\Src\stm32f1xx_hal_msp.c_save
2022-12-09 11:27:21,419 [INFO] CodeEngine:269 - Generated code: C:\Users\HP PV\STM32CubeIDE\MCU-Assignment\MCU-Assignment\Core\Src\stm32f1xx_hal_msp.c
2022-12-09 11:27:21,423 [INFO] CodeEngine:245 - oldGeneratedFile, C:\Users\HP PV\STM32CubeIDE\MCU-Assignment\MCU-Assignment\MXTmpFiles\system.tmp_save
2022-12-09 11:27:21,481 [INFO] CodeEngine:269 - Generated code: C:\Users\HP PV\STM32CubeIDE\MCU-Assignment\MCU-Assignment\MXTmpFiles\system.tmp
2022-12-09 11:27:21,489 [INFO] CodeEngine:245 - oldGeneratedFile, C:\Users\HP PV\STM32CubeIDE\MCU-Assignment\MCU-Assignment\Core\Inc\stm32f1xx_hal_conf.h_save
2022-12-09 11:27:21,557 [INFO] CodeEngine:269 - Generated code: C:\Users\HP PV\STM32CubeIDE\MCU-Assignment\MCU-Assignment\Core\Inc\stm32f1xx_hal_conf.h
2022-12-09 11:27:21,585 [INFO] CodeEngine:245 - oldGeneratedFile, C:\Users\HP PV\STM32CubeIDE\MCU-Assignment\MCU-Assignment\Core\Inc\main.h_save
2022-12-09 11:27:21,648 [INFO] CodeEngine:269 - Generated code: C:\Users\HP PV\STM32CubeIDE\MCU-Assignment\MCU-Assignment\Core\Inc\main.h
2022-12-09 11:27:21,654 [INFO] CodeEngine:245 - oldGeneratedFile, C:\Users\HP PV\STM32CubeIDE\MCU-Assignment\MCU-Assignment\Core\Src\main.c_save
2022-12-09 11:27:21,758 [INFO] CodeEngine:269 - Generated code: C:\Users\HP PV\STM32CubeIDE\MCU-Assignment\MCU-Assignment\Core\Src\main.c
2022-12-09 11:27:22,421 [INFO] ProjectBuilder:2919 - Time for Copy HAL[1] : 184mS.
2022-12-09 11:27:22,427 [INFO] ProjectBuilder:4117 - Project Generator version: 3.17.1
2022-12-09 11:27:22,748 [INFO] ConfigFileManager:1394 - The Die is : DIE410
2022-12-09 11:27:24,403 [INFO] ProjectBuilder:4285 - Time for Generating toolchain IDE Files: 1976mS.
2022-12-09 11:27:24,405 [INFO] ProjectBuilder:2790 - Time for Copy CMSIS : 1mS.
2022-12-09 11:27:24,409 [INFO] ProjectBuilder:2790 - Time for Copy CMSIS : 1mS.
2022-12-09 13:14:47,757 [INFO] Activator:177 - 


2022-12-09 13:14:47,758 [INFO] Activator:178 - !SESSION log4j initialized
2022-12-09 13:15:21,028 [ERROR] LogOutputStream:74 - [STDERR_REDIRECT] SLF4J: Failed to load class "org.slf4j.impl.StaticLoggerBinder".
2022-12-09 13:15:21,029 [ERROR] LogOutputStream:74 - [STDERR_REDIRECT] SLF4J: Defaulting to no-operation (NOP) logger implementation
2022-12-09 13:15:21,030 [ERROR] LogOutputStream:74 - [STDERR_REDIRECT] SLF4J: See http://www.slf4j.org/codes.html#StaticLoggerBinder for further details.
